  Ammo.cpp
c:\users\kiril\desktop\vs projects\space ranger\space ranger\base.h(107): warning C4566: символ, представленный универсальным именем символа  "\u2584", невозможно представить в текущей кодовой странице (1251)
c:\users\kiril\desktop\vs projects\space ranger\space ranger\base.h(108): warning C4566: символ, представленный универсальным именем символа  "\u2590", невозможно представить в текущей кодовой странице (1251)
c:\users\kiril\desktop\vs projects\space ranger\space ranger\base.h(108): warning C4566: символ, представленный универсальным именем символа  "\u2591", невозможно представить в текущей кодовой странице (1251)
c:\users\kiril\desktop\vs projects\space ranger\space ranger\base.h(108): warning C4566: символ, представленный универсальным именем символа  "\u258C", невозможно представить в текущей кодовой странице (1251)
c:\users\kiril\desktop\vs projects\space ranger\space ranger\base.h(109): warning C4566: символ, представленный универсальным именем символа  "\u2590", невозможно представить в текущей кодовой странице (1251)
c:\users\kiril\desktop\vs projects\space ranger\space ranger\base.h(109): warning C4566: символ, представленный универсальным именем символа  "\u2591", невозможно представить в текущей кодовой странице (1251)
c:\users\kiril\desktop\vs projects\space ranger\space ranger\base.h(109): warning C4566: символ, представленный универсальным именем символа  "\u2588", невозможно представить в текущей кодовой странице (1251)
c:\users\kiril\desktop\vs projects\space ranger\space ranger\base.h(109): warning C4566: символ, представленный универсальным именем символа  "\u2580", невозможно представить в текущей кодовой странице (1251)
c:\users\kiril\desktop\vs projects\space ranger\space ranger\base.h(109): warning C4566: символ, представленный универсальным именем символа  "\u258C", невозможно представить в текущей кодовой странице (1251)
c:\users\kiril\desktop\vs projects\space ranger\space ranger\base.h(110): warning C4566: символ, представленный универсальным именем символа  "\u2590", невозможно представить в текущей кодовой странице (1251)
c:\users\kiril\desktop\vs projects\space ranger\space ranger\base.h(110): warning C4566: символ, представленный универсальным именем символа  "\u2591", невозможно представить в текущей кодовой странице (1251)
c:\users\kiril\desktop\vs projects\space ranger\space ranger\base.h(110): warning C4566: символ, представленный универсальным именем символа  "\u258C", невозможно представить в текущей кодовой странице (1251)
c:\users\kiril\desktop\vs projects\space ranger\space ranger\base.h(111): warning C4566: символ, представленный универсальным именем символа  "\u2590", невозможно представить в текущей кодовой странице (1251)
c:\users\kiril\desktop\vs projects\space ranger\space ranger\base.h(111): warning C4566: символ, представленный универсальным именем символа  "\u2591", невозможно представить в текущей кодовой странице (1251)
c:\users\kiril\desktop\vs projects\space ranger\space ranger\base.h(111): warning C4566: символ, представленный универсальным именем символа  "\u2588", невозможно представить в текущей кодовой странице (1251)
c:\users\kiril\desktop\vs projects\space ranger\space ranger\base.h(111): warning C4566: символ, представленный универсальным именем символа  "\u2584", невозможно представить в текущей кодовой странице (1251)
c:\users\kiril\desktop\vs projects\space ranger\space ranger\base.h(111): warning C4566: символ, представленный универсальным именем символа  "\u258C", невозможно представить в текущей кодовой странице (1251)
c:\users\kiril\desktop\vs projects\space ranger\space ranger\base.h(112): warning C4566: символ, представленный универсальным именем символа  "\u2590", невозможно представить в текущей кодовой странице (1251)
c:\users\kiril\desktop\vs projects\space ranger\space ranger\base.h(112): warning C4566: символ, представленный универсальным именем символа  "\u2591", невозможно представить в текущей кодовой странице (1251)
c:\users\kiril\desktop\vs projects\space ranger\space ranger\base.h(112): warning C4566: символ, представленный универсальным именем символа  "\u258C", невозможно представить в текущей кодовой странице (1251)
c:\users\kiril\desktop\vs projects\space ranger\space ranger\base.h(113): warning C4566: символ, представленный универсальным именем символа  "\u2580", невозможно представить в текущей кодовой странице (1251)
c:\users\kiril\desktop\vs projects\space ranger\space ranger\base.h(113): warning C4566: символ, представленный универсальным именем символа  "\u2588", невозможно представить в текущей кодовой странице (1251)
c:\users\kiril\desktop\vs projects\space ranger\space ranger\base.h(113): warning C4566: символ, представленный универсальным именем символа  "\u2591", невозможно представить в текущей кодовой странице (1251)
c:\users\kiril\desktop\vs projects\space ranger\space ranger\base.h(113): warning C4566: символ, представленный универсальным именем символа  "\u258C", невозможно представить в текущей кодовой странице (1251)
c:\users\kiril\desktop\vs projects\space ranger\space ranger\base.h(113): warning C4566: символ, представленный универсальным именем символа  "\u2590", невозможно представить в текущей кодовой странице (1251)
c:\users\kiril\desktop\vs projects\space ranger\space ranger\base.h(114): warning C4566: символ, представленный универсальным именем символа  "\u2590", невозможно представить в текущей кодовой странице (1251)
c:\users\kiril\desktop\vs projects\space ranger\space ranger\base.h(114): warning C4566: символ, представленный универсальным именем символа  "\u2591", невозможно представить в текущей кодовой странице (1251)
c:\users\kiril\desktop\vs projects\space ranger\space ranger\base.h(114): warning C4566: символ, представленный универсальным именем символа  "\u258C", невозможно представить в текущей кодовой странице (1251)
c:\users\kiril\desktop\vs projects\space ranger\space ranger\base.h(115): warning C4566: символ, представленный универсальным именем символа  "\u2584", невозможно представить в текущей кодовой странице (1251)
c:\users\kiril\desktop\vs projects\space ranger\space ranger\base.h(115): warning C4566: символ, представленный универсальным именем символа  "\u2588", невозможно представить в текущей кодовой странице (1251)
c:\users\kiril\desktop\vs projects\space ranger\space ranger\base.h(115): warning C4566: символ, представленный универсальным именем символа  "\u2591", невозможно представить в текущей кодовой странице (1251)
c:\users\kiril\desktop\vs projects\space ranger\space ranger\base.h(115): warning C4566: символ, представленный универсальным именем символа  "\u258C", невозможно представить в текущей кодовой странице (1251)
c:\users\kiril\desktop\vs projects\space ranger\space ranger\base.h(115): warning C4566: символ, представленный универсальным именем символа  "\u2590", невозможно представить в текущей кодовой странице (1251)
c:\users\kiril\desktop\vs projects\space ranger\space ranger\base.h(116): warning C4566: символ, представленный универсальным именем символа  "\u2590", невозможно представить в текущей кодовой странице (1251)
c:\users\kiril\desktop\vs projects\space ranger\space ranger\base.h(116): warning C4566: символ, представленный универсальным именем символа  "\u2591", невозможно представить в текущей кодовой странице (1251)
c:\users\kiril\desktop\vs projects\space ranger\space ranger\base.h(116): warning C4566: символ, представленный универсальным именем символа  "\u258C", невозможно представить в текущей кодовой странице (1251)
c:\users\kiril\desktop\vs projects\space ranger\space ranger\base.h(117): warning C4566: символ, представленный универсальным именем символа  "\u2580", невозможно представить в текущей кодовой странице (1251)
  Создание кода...
  Компиляция...
  main.cpp
c:\users\kiril\desktop\vs projects\space ranger\space ranger\base.h(107): warning C4566: символ, представленный универсальным именем символа  "\u2584", невозможно представить в текущей кодовой странице (1251)
c:\users\kiril\desktop\vs projects\space ranger\space ranger\base.h(108): warning C4566: символ, представленный универсальным именем символа  "\u2590", невозможно представить в текущей кодовой странице (1251)
c:\users\kiril\desktop\vs projects\space ranger\space ranger\base.h(108): warning C4566: символ, представленный универсальным именем символа  "\u2591", невозможно представить в текущей кодовой странице (1251)
c:\users\kiril\desktop\vs projects\space ranger\space ranger\base.h(108): warning C4566: символ, представленный универсальным именем символа  "\u258C", невозможно представить в текущей кодовой странице (1251)
c:\users\kiril\desktop\vs projects\space ranger\space ranger\base.h(109): warning C4566: символ, представленный универсальным именем символа  "\u2590", невозможно представить в текущей кодовой странице (1251)
c:\users\kiril\desktop\vs projects\space ranger\space ranger\base.h(109): warning C4566: символ, представленный универсальным именем символа  "\u2591", невозможно представить в текущей кодовой странице (1251)
c:\users\kiril\desktop\vs projects\space ranger\space ranger\base.h(109): warning C4566: символ, представленный универсальным именем символа  "\u2588", невозможно представить в текущей кодовой странице (1251)
c:\users\kiril\desktop\vs projects\space ranger\space ranger\base.h(109): warning C4566: символ, представленный универсальным именем символа  "\u2580", невозможно представить в текущей кодовой странице (1251)
c:\users\kiril\desktop\vs projects\space ranger\space ranger\base.h(109): warning C4566: символ, представленный универсальным именем символа  "\u258C", невозможно представить в текущей кодовой странице (1251)
c:\users\kiril\desktop\vs projects\space ranger\space ranger\base.h(110): warning C4566: символ, представленный универсальным именем символа  "\u2590", невозможно представить в текущей кодовой странице (1251)
c:\users\kiril\desktop\vs projects\space ranger\space ranger\base.h(110): warning C4566: символ, представленный универсальным именем символа  "\u2591", невозможно представить в текущей кодовой странице (1251)
c:\users\kiril\desktop\vs projects\space ranger\space ranger\base.h(110): warning C4566: символ, представленный универсальным именем символа  "\u258C", невозможно представить в текущей кодовой странице (1251)
c:\users\kiril\desktop\vs projects\space ranger\space ranger\base.h(111): warning C4566: символ, представленный универсальным именем символа  "\u2590", невозможно представить в текущей кодовой странице (1251)
c:\users\kiril\desktop\vs projects\space ranger\space ranger\base.h(111): warning C4566: символ, представленный универсальным именем символа  "\u2591", невозможно представить в текущей кодовой странице (1251)
c:\users\kiril\desktop\vs projects\space ranger\space ranger\base.h(111): warning C4566: символ, представленный универсальным именем символа  "\u2588", невозможно представить в текущей кодовой странице (1251)
c:\users\kiril\desktop\vs projects\space ranger\space ranger\base.h(111): warning C4566: символ, представленный универсальным именем символа  "\u2584", невозможно представить в текущей кодовой странице (1251)
c:\users\kiril\desktop\vs projects\space ranger\space ranger\base.h(111): warning C4566: символ, представленный универсальным именем символа  "\u258C", невозможно представить в текущей кодовой странице (1251)
c:\users\kiril\desktop\vs projects\space ranger\space ranger\base.h(112): warning C4566: символ, представленный универсальным именем символа  "\u2590", невозможно представить в текущей кодовой странице (1251)
c:\users\kiril\desktop\vs projects\space ranger\space ranger\base.h(112): warning C4566: символ, представленный универсальным именем символа  "\u2591", невозможно представить в текущей кодовой странице (1251)
c:\users\kiril\desktop\vs projects\space ranger\space ranger\base.h(112): warning C4566: символ, представленный универсальным именем символа  "\u258C", невозможно представить в текущей кодовой странице (1251)
c:\users\kiril\desktop\vs projects\space ranger\space ranger\base.h(113): warning C4566: символ, представленный универсальным именем символа  "\u2580", невозможно представить в текущей кодовой странице (1251)
c:\users\kiril\desktop\vs projects\space ranger\space ranger\base.h(113): warning C4566: символ, представленный универсальным именем символа  "\u2588", невозможно представить в текущей кодовой странице (1251)
c:\users\kiril\desktop\vs projects\space ranger\space ranger\base.h(113): warning C4566: символ, представленный универсальным именем символа  "\u2591", невозможно представить в текущей кодовой странице (1251)
c:\users\kiril\desktop\vs projects\space ranger\space ranger\base.h(113): warning C4566: символ, представленный универсальным именем символа  "\u258C", невозможно представить в текущей кодовой странице (1251)
c:\users\kiril\desktop\vs projects\space ranger\space ranger\base.h(113): warning C4566: символ, представленный универсальным именем символа  "\u2590", невозможно представить в текущей кодовой странице (1251)
c:\users\kiril\desktop\vs projects\space ranger\space ranger\base.h(114): warning C4566: символ, представленный универсальным именем символа  "\u2590", невозможно представить в текущей кодовой странице (1251)
c:\users\kiril\desktop\vs projects\space ranger\space ranger\base.h(114): warning C4566: символ, представленный универсальным именем символа  "\u2591", невозможно представить в текущей кодовой странице (1251)
c:\users\kiril\desktop\vs projects\space ranger\space ranger\base.h(114): warning C4566: символ, представленный универсальным именем символа  "\u258C", невозможно представить в текущей кодовой странице (1251)
c:\users\kiril\desktop\vs projects\space ranger\space ranger\base.h(115): warning C4566: символ, представленный универсальным именем символа  "\u2584", невозможно представить в текущей кодовой странице (1251)
c:\users\kiril\desktop\vs projects\space ranger\space ranger\base.h(115): warning C4566: символ, представленный универсальным именем символа  "\u2588", невозможно представить в текущей кодовой странице (1251)
c:\users\kiril\desktop\vs projects\space ranger\space ranger\base.h(115): warning C4566: символ, представленный универсальным именем символа  "\u2591", невозможно представить в текущей кодовой странице (1251)
c:\users\kiril\desktop\vs projects\space ranger\space ranger\base.h(115): warning C4566: символ, представленный универсальным именем символа  "\u258C", невозможно представить в текущей кодовой странице (1251)
c:\users\kiril\desktop\vs projects\space ranger\space ranger\base.h(115): warning C4566: символ, представленный универсальным именем символа  "\u2590", невозможно представить в текущей кодовой странице (1251)
c:\users\kiril\desktop\vs projects\space ranger\space ranger\base.h(116): warning C4566: символ, представленный универсальным именем символа  "\u2590", невозможно представить в текущей кодовой странице (1251)
c:\users\kiril\desktop\vs projects\space ranger\space ranger\base.h(116): warning C4566: символ, представленный универсальным именем символа  "\u2591", невозможно представить в текущей кодовой странице (1251)
c:\users\kiril\desktop\vs projects\space ranger\space ranger\base.h(116): warning C4566: символ, представленный универсальным именем символа  "\u258C", невозможно представить в текущей кодовой странице (1251)
c:\users\kiril\desktop\vs projects\space ranger\space ranger\base.h(117): warning C4566: символ, представленный универсальным именем символа  "\u2580", невозможно представить в текущей кодовой странице (1251)
  World.cpp
c:\users\kiril\desktop\vs projects\space ranger\space ranger\base.h(107): warning C4566: символ, представленный универсальным именем символа  "\u2584", невозможно представить в текущей кодовой странице (1251)
c:\users\kiril\desktop\vs projects\space ranger\space ranger\base.h(108): warning C4566: символ, представленный универсальным именем символа  "\u2590", невозможно представить в текущей кодовой странице (1251)
c:\users\kiril\desktop\vs projects\space ranger\space ranger\base.h(108): warning C4566: символ, представленный универсальным именем символа  "\u2591", невозможно представить в текущей кодовой странице (1251)
c:\users\kiril\desktop\vs projects\space ranger\space ranger\base.h(108): warning C4566: символ, представленный универсальным именем символа  "\u258C", невозможно представить в текущей кодовой странице (1251)
c:\users\kiril\desktop\vs projects\space ranger\space ranger\base.h(109): warning C4566: символ, представленный универсальным именем символа  "\u2590", невозможно представить в текущей кодовой странице (1251)
c:\users\kiril\desktop\vs projects\space ranger\space ranger\base.h(109): warning C4566: символ, представленный универсальным именем символа  "\u2591", невозможно представить в текущей кодовой странице (1251)
c:\users\kiril\desktop\vs projects\space ranger\space ranger\base.h(109): warning C4566: символ, представленный универсальным именем символа  "\u2588", невозможно представить в текущей кодовой странице (1251)
c:\users\kiril\desktop\vs projects\space ranger\space ranger\base.h(109): warning C4566: символ, представленный универсальным именем символа  "\u2580", невозможно представить в текущей кодовой странице (1251)
c:\users\kiril\desktop\vs projects\space ranger\space ranger\base.h(109): warning C4566: символ, представленный универсальным именем символа  "\u258C", невозможно представить в текущей кодовой странице (1251)
c:\users\kiril\desktop\vs projects\space ranger\space ranger\base.h(110): warning C4566: символ, представленный универсальным именем символа  "\u2590", невозможно представить в текущей кодовой странице (1251)
c:\users\kiril\desktop\vs projects\space ranger\space ranger\base.h(110): warning C4566: символ, представленный универсальным именем символа  "\u2591", невозможно представить в текущей кодовой странице (1251)
c:\users\kiril\desktop\vs projects\space ranger\space ranger\base.h(110): warning C4566: символ, представленный универсальным именем символа  "\u258C", невозможно представить в текущей кодовой странице (1251)
c:\users\kiril\desktop\vs projects\space ranger\space ranger\base.h(111): warning C4566: символ, представленный универсальным именем символа  "\u2590", невозможно представить в текущей кодовой странице (1251)
c:\users\kiril\desktop\vs projects\space ranger\space ranger\base.h(111): warning C4566: символ, представленный универсальным именем символа  "\u2591", невозможно представить в текущей кодовой странице (1251)
c:\users\kiril\desktop\vs projects\space ranger\space ranger\base.h(111): warning C4566: символ, представленный универсальным именем символа  "\u2588", невозможно представить в текущей кодовой странице (1251)
c:\users\kiril\desktop\vs projects\space ranger\space ranger\base.h(111): warning C4566: символ, представленный универсальным именем символа  "\u2584", невозможно представить в текущей кодовой странице (1251)
c:\users\kiril\desktop\vs projects\space ranger\space ranger\base.h(111): warning C4566: символ, представленный универсальным именем символа  "\u258C", невозможно представить в текущей кодовой странице (1251)
c:\users\kiril\desktop\vs projects\space ranger\space ranger\base.h(112): warning C4566: символ, представленный универсальным именем символа  "\u2590", невозможно представить в текущей кодовой странице (1251)
c:\users\kiril\desktop\vs projects\space ranger\space ranger\base.h(112): warning C4566: символ, представленный универсальным именем символа  "\u2591", невозможно представить в текущей кодовой странице (1251)
c:\users\kiril\desktop\vs projects\space ranger\space ranger\base.h(112): warning C4566: символ, представленный универсальным именем символа  "\u258C", невозможно представить в текущей кодовой странице (1251)
c:\users\kiril\desktop\vs projects\space ranger\space ranger\base.h(113): warning C4566: символ, представленный универсальным именем символа  "\u2580", невозможно представить в текущей кодовой странице (1251)
c:\users\kiril\desktop\vs projects\space ranger\space ranger\base.h(113): warning C4566: символ, представленный универсальным именем символа  "\u2588", невозможно представить в текущей кодовой странице (1251)
c:\users\kiril\desktop\vs projects\space ranger\space ranger\base.h(113): warning C4566: символ, представленный универсальным именем символа  "\u2591", невозможно представить в текущей кодовой странице (1251)
c:\users\kiril\desktop\vs projects\space ranger\space ranger\base.h(113): warning C4566: символ, представленный универсальным именем символа  "\u258C", невозможно представить в текущей кодовой странице (1251)
c:\users\kiril\desktop\vs projects\space ranger\space ranger\base.h(113): warning C4566: символ, представленный универсальным именем символа  "\u2590", невозможно представить в текущей кодовой странице (1251)
c:\users\kiril\desktop\vs projects\space ranger\space ranger\base.h(114): warning C4566: символ, представленный универсальным именем символа  "\u2590", невозможно представить в текущей кодовой странице (1251)
c:\users\kiril\desktop\vs projects\space ranger\space ranger\base.h(114): warning C4566: символ, представленный универсальным именем символа  "\u2591", невозможно представить в текущей кодовой странице (1251)
c:\users\kiril\desktop\vs projects\space ranger\space ranger\base.h(114): warning C4566: символ, представленный универсальным именем символа  "\u258C", невозможно представить в текущей кодовой странице (1251)
c:\users\kiril\desktop\vs projects\space ranger\space ranger\base.h(115): warning C4566: символ, представленный универсальным именем символа  "\u2584", невозможно представить в текущей кодовой странице (1251)
c:\users\kiril\desktop\vs projects\space ranger\space ranger\base.h(115): warning C4566: символ, представленный универсальным именем символа  "\u2588", невозможно представить в текущей кодовой странице (1251)
c:\users\kiril\desktop\vs projects\space ranger\space ranger\base.h(115): warning C4566: символ, представленный универсальным именем символа  "\u2591", невозможно представить в текущей кодовой странице (1251)
c:\users\kiril\desktop\vs projects\space ranger\space ranger\base.h(115): warning C4566: символ, представленный универсальным именем символа  "\u258C", невозможно представить в текущей кодовой странице (1251)
c:\users\kiril\desktop\vs projects\space ranger\space ranger\base.h(115): warning C4566: символ, представленный универсальным именем символа  "\u2590", невозможно представить в текущей кодовой странице (1251)
c:\users\kiril\desktop\vs projects\space ranger\space ranger\base.h(116): warning C4566: символ, представленный универсальным именем символа  "\u2590", невозможно представить в текущей кодовой странице (1251)
c:\users\kiril\desktop\vs projects\space ranger\space ranger\base.h(116): warning C4566: символ, представленный универсальным именем символа  "\u2591", невозможно представить в текущей кодовой странице (1251)
c:\users\kiril\desktop\vs projects\space ranger\space ranger\base.h(116): warning C4566: символ, представленный универсальным именем символа  "\u258C", невозможно представить в текущей кодовой странице (1251)
c:\users\kiril\desktop\vs projects\space ranger\space ranger\base.h(117): warning C4566: символ, представленный универсальным именем символа  "\u2580", невозможно представить в текущей кодовой странице (1251)
c:\users\kiril\desktop\vs projects\space ranger\space ranger\world.cpp(224): warning C4018: <: несоответствие типов со знаком и без знака
  Star.cpp
c:\users\kiril\desktop\vs projects\space ranger\space ranger\base.h(107): warning C4566: символ, представленный универсальным именем символа  "\u2584", невозможно представить в текущей кодовой странице (1251)
c:\users\kiril\desktop\vs projects\space ranger\space ranger\base.h(108): warning C4566: символ, представленный универсальным именем символа  "\u2590", невозможно представить в текущей кодовой странице (1251)
c:\users\kiril\desktop\vs projects\space ranger\space ranger\base.h(108): warning C4566: символ, представленный универсальным именем символа  "\u2591", невозможно представить в текущей кодовой странице (1251)
c:\users\kiril\desktop\vs projects\space ranger\space ranger\base.h(108): warning C4566: символ, представленный универсальным именем символа  "\u258C", невозможно представить в текущей кодовой странице (1251)
c:\users\kiril\desktop\vs projects\space ranger\space ranger\base.h(109): warning C4566: символ, представленный универсальным именем символа  "\u2590", невозможно представить в текущей кодовой странице (1251)
c:\users\kiril\desktop\vs projects\space ranger\space ranger\base.h(109): warning C4566: символ, представленный универсальным именем символа  "\u2591", невозможно представить в текущей кодовой странице (1251)
c:\users\kiril\desktop\vs projects\space ranger\space ranger\base.h(109): warning C4566: символ, представленный универсальным именем символа  "\u2588", невозможно представить в текущей кодовой странице (1251)
c:\users\kiril\desktop\vs projects\space ranger\space ranger\base.h(109): warning C4566: символ, представленный универсальным именем символа  "\u2580", невозможно представить в текущей кодовой странице (1251)
c:\users\kiril\desktop\vs projects\space ranger\space ranger\base.h(109): warning C4566: символ, представленный универсальным именем символа  "\u258C", невозможно представить в текущей кодовой странице (1251)
c:\users\kiril\desktop\vs projects\space ranger\space ranger\base.h(110): warning C4566: символ, представленный универсальным именем символа  "\u2590", невозможно представить в текущей кодовой странице (1251)
c:\users\kiril\desktop\vs projects\space ranger\space ranger\base.h(110): warning C4566: символ, представленный универсальным именем символа  "\u2591", невозможно представить в текущей кодовой странице (1251)
c:\users\kiril\desktop\vs projects\space ranger\space ranger\base.h(110): warning C4566: символ, представленный универсальным именем символа  "\u258C", невозможно представить в текущей кодовой странице (1251)
c:\users\kiril\desktop\vs projects\space ranger\space ranger\base.h(111): warning C4566: символ, представленный универсальным именем символа  "\u2590", невозможно представить в текущей кодовой странице (1251)
c:\users\kiril\desktop\vs projects\space ranger\space ranger\base.h(111): warning C4566: символ, представленный универсальным именем символа  "\u2591", невозможно представить в текущей кодовой странице (1251)
c:\users\kiril\desktop\vs projects\space ranger\space ranger\base.h(111): warning C4566: символ, представленный универсальным именем символа  "\u2588", невозможно представить в текущей кодовой странице (1251)
c:\users\kiril\desktop\vs projects\space ranger\space ranger\base.h(111): warning C4566: символ, представленный универсальным именем символа  "\u2584", невозможно представить в текущей кодовой странице (1251)
c:\users\kiril\desktop\vs projects\space ranger\space ranger\base.h(111): warning C4566: символ, представленный универсальным именем символа  "\u258C", невозможно представить в текущей кодовой странице (1251)
c:\users\kiril\desktop\vs projects\space ranger\space ranger\base.h(112): warning C4566: символ, представленный универсальным именем символа  "\u2590", невозможно представить в текущей кодовой странице (1251)
c:\users\kiril\desktop\vs projects\space ranger\space ranger\base.h(112): warning C4566: символ, представленный универсальным именем символа  "\u2591", невозможно представить в текущей кодовой странице (1251)
c:\users\kiril\desktop\vs projects\space ranger\space ranger\base.h(112): warning C4566: символ, представленный универсальным именем символа  "\u258C", невозможно представить в текущей кодовой странице (1251)
c:\users\kiril\desktop\vs projects\space ranger\space ranger\base.h(113): warning C4566: символ, представленный универсальным именем символа  "\u2580", невозможно представить в текущей кодовой странице (1251)
c:\users\kiril\desktop\vs projects\space ranger\space ranger\base.h(113): warning C4566: символ, представленный универсальным именем символа  "\u2588", невозможно представить в текущей кодовой странице (1251)
c:\users\kiril\desktop\vs projects\space ranger\space ranger\base.h(113): warning C4566: символ, представленный универсальным именем символа  "\u2591", невозможно представить в текущей кодовой странице (1251)
c:\users\kiril\desktop\vs projects\space ranger\space ranger\base.h(113): warning C4566: символ, представленный универсальным именем символа  "\u258C", невозможно представить в текущей кодовой странице (1251)
c:\users\kiril\desktop\vs projects\space ranger\space ranger\base.h(113): warning C4566: символ, представленный универсальным именем символа  "\u2590", невозможно представить в текущей кодовой странице (1251)
c:\users\kiril\desktop\vs projects\space ranger\space ranger\base.h(114): warning C4566: символ, представленный универсальным именем символа  "\u2590", невозможно представить в текущей кодовой странице (1251)
c:\users\kiril\desktop\vs projects\space ranger\space ranger\base.h(114): warning C4566: символ, представленный универсальным именем символа  "\u2591", невозможно представить в текущей кодовой странице (1251)
c:\users\kiril\desktop\vs projects\space ranger\space ranger\base.h(114): warning C4566: символ, представленный универсальным именем символа  "\u258C", невозможно представить в текущей кодовой странице (1251)
c:\users\kiril\desktop\vs projects\space ranger\space ranger\base.h(115): warning C4566: символ, представленный универсальным именем символа  "\u2584", невозможно представить в текущей кодовой странице (1251)
c:\users\kiril\desktop\vs projects\space ranger\space ranger\base.h(115): warning C4566: символ, представленный универсальным именем символа  "\u2588", невозможно представить в текущей кодовой странице (1251)
c:\users\kiril\desktop\vs projects\space ranger\space ranger\base.h(115): warning C4566: символ, представленный универсальным именем символа  "\u2591", невозможно представить в текущей кодовой странице (1251)
c:\users\kiril\desktop\vs projects\space ranger\space ranger\base.h(115): warning C4566: символ, представленный универсальным именем символа  "\u258C", невозможно представить в текущей кодовой странице (1251)
c:\users\kiril\desktop\vs projects\space ranger\space ranger\base.h(115): warning C4566: символ, представленный универсальным именем символа  "\u2590", невозможно представить в текущей кодовой странице (1251)
c:\users\kiril\desktop\vs projects\space ranger\space ranger\base.h(116): warning C4566: символ, представленный универсальным именем символа  "\u2590", невозможно представить в текущей кодовой странице (1251)
c:\users\kiril\desktop\vs projects\space ranger\space ranger\base.h(116): warning C4566: символ, представленный универсальным именем символа  "\u2591", невозможно представить в текущей кодовой странице (1251)
c:\users\kiril\desktop\vs projects\space ranger\space ranger\base.h(116): warning C4566: символ, представленный универсальным именем символа  "\u258C", невозможно представить в текущей кодовой странице (1251)
c:\users\kiril\desktop\vs projects\space ranger\space ranger\base.h(117): warning C4566: символ, представленный универсальным именем символа  "\u2580", невозможно представить в текущей кодовой странице (1251)
  ScorePoint.cpp
c:\users\kiril\desktop\vs projects\space ranger\space ranger\base.h(107): warning C4566: символ, представленный универсальным именем символа  "\u2584", невозможно представить в текущей кодовой странице (1251)
c:\users\kiril\desktop\vs projects\space ranger\space ranger\base.h(108): warning C4566: символ, представленный универсальным именем символа  "\u2590", невозможно представить в текущей кодовой странице (1251)
c:\users\kiril\desktop\vs projects\space ranger\space ranger\base.h(108): warning C4566: символ, представленный универсальным именем символа  "\u2591", невозможно представить в текущей кодовой странице (1251)
c:\users\kiril\desktop\vs projects\space ranger\space ranger\base.h(108): warning C4566: символ, представленный универсальным именем символа  "\u258C", невозможно представить в текущей кодовой странице (1251)
c:\users\kiril\desktop\vs projects\space ranger\space ranger\base.h(109): warning C4566: символ, представленный универсальным именем символа  "\u2590", невозможно представить в текущей кодовой странице (1251)
c:\users\kiril\desktop\vs projects\space ranger\space ranger\base.h(109): warning C4566: символ, представленный универсальным именем символа  "\u2591", невозможно представить в текущей кодовой странице (1251)
c:\users\kiril\desktop\vs projects\space ranger\space ranger\base.h(109): warning C4566: символ, представленный универсальным именем символа  "\u2588", невозможно представить в текущей кодовой странице (1251)
c:\users\kiril\desktop\vs projects\space ranger\space ranger\base.h(109): warning C4566: символ, представленный универсальным именем символа  "\u2580", невозможно представить в текущей кодовой странице (1251)
c:\users\kiril\desktop\vs projects\space ranger\space ranger\base.h(109): warning C4566: символ, представленный универсальным именем символа  "\u258C", невозможно представить в текущей кодовой странице (1251)
c:\users\kiril\desktop\vs projects\space ranger\space ranger\base.h(110): warning C4566: символ, представленный универсальным именем символа  "\u2590", невозможно представить в текущей кодовой странице (1251)
c:\users\kiril\desktop\vs projects\space ranger\space ranger\base.h(110): warning C4566: символ, представленный универсальным именем символа  "\u2591", невозможно представить в текущей кодовой странице (1251)
c:\users\kiril\desktop\vs projects\space ranger\space ranger\base.h(110): warning C4566: символ, представленный универсальным именем символа  "\u258C", невозможно представить в текущей кодовой странице (1251)
c:\users\kiril\desktop\vs projects\space ranger\space ranger\base.h(111): warning C4566: символ, представленный универсальным именем символа  "\u2590", невозможно представить в текущей кодовой странице (1251)
c:\users\kiril\desktop\vs projects\space ranger\space ranger\base.h(111): warning C4566: символ, представленный универсальным именем символа  "\u2591", невозможно представить в текущей кодовой странице (1251)
c:\users\kiril\desktop\vs projects\space ranger\space ranger\base.h(111): warning C4566: символ, представленный универсальным именем символа  "\u2588", невозможно представить в текущей кодовой странице (1251)
c:\users\kiril\desktop\vs projects\space ranger\space ranger\base.h(111): warning C4566: символ, представленный универсальным именем символа  "\u2584", невозможно представить в текущей кодовой странице (1251)
c:\users\kiril\desktop\vs projects\space ranger\space ranger\base.h(111): warning C4566: символ, представленный универсальным именем символа  "\u258C", невозможно представить в текущей кодовой странице (1251)
c:\users\kiril\desktop\vs projects\space ranger\space ranger\base.h(112): warning C4566: символ, представленный универсальным именем символа  "\u2590", невозможно представить в текущей кодовой странице (1251)
c:\users\kiril\desktop\vs projects\space ranger\space ranger\base.h(112): warning C4566: символ, представленный универсальным именем символа  "\u2591", невозможно представить в текущей кодовой странице (1251)
c:\users\kiril\desktop\vs projects\space ranger\space ranger\base.h(112): warning C4566: символ, представленный универсальным именем символа  "\u258C", невозможно представить в текущей кодовой странице (1251)
c:\users\kiril\desktop\vs projects\space ranger\space ranger\base.h(113): warning C4566: символ, представленный универсальным именем символа  "\u2580", невозможно представить в текущей кодовой странице (1251)
c:\users\kiril\desktop\vs projects\space ranger\space ranger\base.h(113): warning C4566: символ, представленный универсальным именем символа  "\u2588", невозможно представить в текущей кодовой странице (1251)
c:\users\kiril\desktop\vs projects\space ranger\space ranger\base.h(113): warning C4566: символ, представленный универсальным именем символа  "\u2591", невозможно представить в текущей кодовой странице (1251)
c:\users\kiril\desktop\vs projects\space ranger\space ranger\base.h(113): warning C4566: символ, представленный универсальным именем символа  "\u258C", невозможно представить в текущей кодовой странице (1251)
c:\users\kiril\desktop\vs projects\space ranger\space ranger\base.h(113): warning C4566: символ, представленный универсальным именем символа  "\u2590", невозможно представить в текущей кодовой странице (1251)
c:\users\kiril\desktop\vs projects\space ranger\space ranger\base.h(114): warning C4566: символ, представленный универсальным именем символа  "\u2590", невозможно представить в текущей кодовой странице (1251)
c:\users\kiril\desktop\vs projects\space ranger\space ranger\base.h(114): warning C4566: символ, представленный универсальным именем символа  "\u2591", невозможно представить в текущей кодовой странице (1251)
c:\users\kiril\desktop\vs projects\space ranger\space ranger\base.h(114): warning C4566: символ, представленный универсальным именем символа  "\u258C", невозможно представить в текущей кодовой странице (1251)
c:\users\kiril\desktop\vs projects\space ranger\space ranger\base.h(115): warning C4566: символ, представленный универсальным именем символа  "\u2584", невозможно представить в текущей кодовой странице (1251)
c:\users\kiril\desktop\vs projects\space ranger\space ranger\base.h(115): warning C4566: символ, представленный универсальным именем символа  "\u2588", невозможно представить в текущей кодовой странице (1251)
c:\users\kiril\desktop\vs projects\space ranger\space ranger\base.h(115): warning C4566: символ, представленный универсальным именем символа  "\u2591", невозможно представить в текущей кодовой странице (1251)
c:\users\kiril\desktop\vs projects\space ranger\space ranger\base.h(115): warning C4566: символ, представленный универсальным именем символа  "\u258C", невозможно представить в текущей кодовой странице (1251)
c:\users\kiril\desktop\vs projects\space ranger\space ranger\base.h(115): warning C4566: символ, представленный универсальным именем символа  "\u2590", невозможно представить в текущей кодовой странице (1251)
c:\users\kiril\desktop\vs projects\space ranger\space ranger\base.h(116): warning C4566: символ, представленный универсальным именем символа  "\u2590", невозможно представить в текущей кодовой странице (1251)
c:\users\kiril\desktop\vs projects\space ranger\space ranger\base.h(116): warning C4566: символ, представленный универсальным именем символа  "\u2591", невозможно представить в текущей кодовой странице (1251)
c:\users\kiril\desktop\vs projects\space ranger\space ranger\base.h(116): warning C4566: символ, представленный универсальным именем символа  "\u258C", невозможно представить в текущей кодовой странице (1251)
c:\users\kiril\desktop\vs projects\space ranger\space ranger\base.h(117): warning C4566: символ, представленный универсальным именем символа  "\u2580", невозможно представить в текущей кодовой странице (1251)
  InputManager.cpp
c:\users\kiril\desktop\vs projects\space ranger\space ranger\base.h(107): warning C4566: символ, представленный универсальным именем символа  "\u2584", невозможно представить в текущей кодовой странице (1251)
c:\users\kiril\desktop\vs projects\space ranger\space ranger\base.h(108): warning C4566: символ, представленный универсальным именем символа  "\u2590", невозможно представить в текущей кодовой странице (1251)
c:\users\kiril\desktop\vs projects\space ranger\space ranger\base.h(108): warning C4566: символ, представленный универсальным именем символа  "\u2591", невозможно представить в текущей кодовой странице (1251)
c:\users\kiril\desktop\vs projects\space ranger\space ranger\base.h(108): warning C4566: символ, представленный универсальным именем символа  "\u258C", невозможно представить в текущей кодовой странице (1251)
c:\users\kiril\desktop\vs projects\space ranger\space ranger\base.h(109): warning C4566: символ, представленный универсальным именем символа  "\u2590", невозможно представить в текущей кодовой странице (1251)
c:\users\kiril\desktop\vs projects\space ranger\space ranger\base.h(109): warning C4566: символ, представленный универсальным именем символа  "\u2591", невозможно представить в текущей кодовой странице (1251)
c:\users\kiril\desktop\vs projects\space ranger\space ranger\base.h(109): warning C4566: символ, представленный универсальным именем символа  "\u2588", невозможно представить в текущей кодовой странице (1251)
c:\users\kiril\desktop\vs projects\space ranger\space ranger\base.h(109): warning C4566: символ, представленный универсальным именем символа  "\u2580", невозможно представить в текущей кодовой странице (1251)
c:\users\kiril\desktop\vs projects\space ranger\space ranger\base.h(109): warning C4566: символ, представленный универсальным именем символа  "\u258C", невозможно представить в текущей кодовой странице (1251)
c:\users\kiril\desktop\vs projects\space ranger\space ranger\base.h(110): warning C4566: символ, представленный универсальным именем символа  "\u2590", невозможно представить в текущей кодовой странице (1251)
c:\users\kiril\desktop\vs projects\space ranger\space ranger\base.h(110): warning C4566: символ, представленный универсальным именем символа  "\u2591", невозможно представить в текущей кодовой странице (1251)
c:\users\kiril\desktop\vs projects\space ranger\space ranger\base.h(110): warning C4566: символ, представленный универсальным именем символа  "\u258C", невозможно представить в текущей кодовой странице (1251)
c:\users\kiril\desktop\vs projects\space ranger\space ranger\base.h(111): warning C4566: символ, представленный универсальным именем символа  "\u2590", невозможно представить в текущей кодовой странице (1251)
c:\users\kiril\desktop\vs projects\space ranger\space ranger\base.h(111): warning C4566: символ, представленный универсальным именем символа  "\u2591", невозможно представить в текущей кодовой странице (1251)
c:\users\kiril\desktop\vs projects\space ranger\space ranger\base.h(111): warning C4566: символ, представленный универсальным именем символа  "\u2588", невозможно представить в текущей кодовой странице (1251)
c:\users\kiril\desktop\vs projects\space ranger\space ranger\base.h(111): warning C4566: символ, представленный универсальным именем символа  "\u2584", невозможно представить в текущей кодовой странице (1251)
c:\users\kiril\desktop\vs projects\space ranger\space ranger\base.h(111): warning C4566: символ, представленный универсальным именем символа  "\u258C", невозможно представить в текущей кодовой странице (1251)
c:\users\kiril\desktop\vs projects\space ranger\space ranger\base.h(112): warning C4566: символ, представленный универсальным именем символа  "\u2590", невозможно представить в текущей кодовой странице (1251)
c:\users\kiril\desktop\vs projects\space ranger\space ranger\base.h(112): warning C4566: символ, представленный универсальным именем символа  "\u2591", невозможно представить в текущей кодовой странице (1251)
c:\users\kiril\desktop\vs projects\space ranger\space ranger\base.h(112): warning C4566: символ, представленный универсальным именем символа  "\u258C", невозможно представить в текущей кодовой странице (1251)
c:\users\kiril\desktop\vs projects\space ranger\space ranger\base.h(113): warning C4566: символ, представленный универсальным именем символа  "\u2580", невозможно представить в текущей кодовой странице (1251)
c:\users\kiril\desktop\vs projects\space ranger\space ranger\base.h(113): warning C4566: символ, представленный универсальным именем символа  "\u2588", невозможно представить в текущей кодовой странице (1251)
c:\users\kiril\desktop\vs projects\space ranger\space ranger\base.h(113): warning C4566: символ, представленный универсальным именем символа  "\u2591", невозможно представить в текущей кодовой странице (1251)
c:\users\kiril\desktop\vs projects\space ranger\space ranger\base.h(113): warning C4566: символ, представленный универсальным именем символа  "\u258C", невозможно представить в текущей кодовой странице (1251)
c:\users\kiril\desktop\vs projects\space ranger\space ranger\base.h(113): warning C4566: символ, представленный универсальным именем символа  "\u2590", невозможно представить в текущей кодовой странице (1251)
c:\users\kiril\desktop\vs projects\space ranger\space ranger\base.h(114): warning C4566: символ, представленный универсальным именем символа  "\u2590", невозможно представить в текущей кодовой странице (1251)
c:\users\kiril\desktop\vs projects\space ranger\space ranger\base.h(114): warning C4566: символ, представленный универсальным именем символа  "\u2591", невозможно представить в текущей кодовой странице (1251)
c:\users\kiril\desktop\vs projects\space ranger\space ranger\base.h(114): warning C4566: символ, представленный универсальным именем символа  "\u258C", невозможно представить в текущей кодовой странице (1251)
c:\users\kiril\desktop\vs projects\space ranger\space ranger\base.h(115): warning C4566: символ, представленный универсальным именем символа  "\u2584", невозможно представить в текущей кодовой странице (1251)
c:\users\kiril\desktop\vs projects\space ranger\space ranger\base.h(115): warning C4566: символ, представленный универсальным именем символа  "\u2588", невозможно представить в текущей кодовой странице (1251)
c:\users\kiril\desktop\vs projects\space ranger\space ranger\base.h(115): warning C4566: символ, представленный универсальным именем символа  "\u2591", невозможно представить в текущей кодовой странице (1251)
c:\users\kiril\desktop\vs projects\space ranger\space ranger\base.h(115): warning C4566: символ, представленный универсальным именем символа  "\u258C", невозможно представить в текущей кодовой странице (1251)
c:\users\kiril\desktop\vs projects\space ranger\space ranger\base.h(115): warning C4566: символ, представленный универсальным именем символа  "\u2590", невозможно представить в текущей кодовой странице (1251)
c:\users\kiril\desktop\vs projects\space ranger\space ranger\base.h(116): warning C4566: символ, представленный универсальным именем символа  "\u2590", невозможно представить в текущей кодовой странице (1251)
c:\users\kiril\desktop\vs projects\space ranger\space ranger\base.h(116): warning C4566: символ, представленный универсальным именем символа  "\u2591", невозможно представить в текущей кодовой странице (1251)
c:\users\kiril\desktop\vs projects\space ranger\space ranger\base.h(116): warning C4566: символ, представленный универсальным именем символа  "\u258C", невозможно представить в текущей кодовой странице (1251)
c:\users\kiril\desktop\vs projects\space ranger\space ranger\base.h(117): warning C4566: символ, представленный универсальным именем символа  "\u2580", невозможно представить в текущей кодовой странице (1251)
  Hero.cpp
c:\users\kiril\desktop\vs projects\space ranger\space ranger\base.h(107): warning C4566: символ, представленный универсальным именем символа  "\u2584", невозможно представить в текущей кодовой странице (1251)
c:\users\kiril\desktop\vs projects\space ranger\space ranger\base.h(108): warning C4566: символ, представленный универсальным именем символа  "\u2590", невозможно представить в текущей кодовой странице (1251)
c:\users\kiril\desktop\vs projects\space ranger\space ranger\base.h(108): warning C4566: символ, представленный универсальным именем символа  "\u2591", невозможно представить в текущей кодовой странице (1251)
c:\users\kiril\desktop\vs projects\space ranger\space ranger\base.h(108): warning C4566: символ, представленный универсальным именем символа  "\u258C", невозможно представить в текущей кодовой странице (1251)
c:\users\kiril\desktop\vs projects\space ranger\space ranger\base.h(109): warning C4566: символ, представленный универсальным именем символа  "\u2590", невозможно представить в текущей кодовой странице (1251)
c:\users\kiril\desktop\vs projects\space ranger\space ranger\base.h(109): warning C4566: символ, представленный универсальным именем символа  "\u2591", невозможно представить в текущей кодовой странице (1251)
c:\users\kiril\desktop\vs projects\space ranger\space ranger\base.h(109): warning C4566: символ, представленный универсальным именем символа  "\u2588", невозможно представить в текущей кодовой странице (1251)
c:\users\kiril\desktop\vs projects\space ranger\space ranger\base.h(109): warning C4566: символ, представленный универсальным именем символа  "\u2580", невозможно представить в текущей кодовой странице (1251)
c:\users\kiril\desktop\vs projects\space ranger\space ranger\base.h(109): warning C4566: символ, представленный универсальным именем символа  "\u258C", невозможно представить в текущей кодовой странице (1251)
c:\users\kiril\desktop\vs projects\space ranger\space ranger\base.h(110): warning C4566: символ, представленный универсальным именем символа  "\u2590", невозможно представить в текущей кодовой странице (1251)
c:\users\kiril\desktop\vs projects\space ranger\space ranger\base.h(110): warning C4566: символ, представленный универсальным именем символа  "\u2591", невозможно представить в текущей кодовой странице (1251)
c:\users\kiril\desktop\vs projects\space ranger\space ranger\base.h(110): warning C4566: символ, представленный универсальным именем символа  "\u258C", невозможно представить в текущей кодовой странице (1251)
c:\users\kiril\desktop\vs projects\space ranger\space ranger\base.h(111): warning C4566: символ, представленный универсальным именем символа  "\u2590", невозможно представить в текущей кодовой странице (1251)
c:\users\kiril\desktop\vs projects\space ranger\space ranger\base.h(111): warning C4566: символ, представленный универсальным именем символа  "\u2591", невозможно представить в текущей кодовой странице (1251)
c:\users\kiril\desktop\vs projects\space ranger\space ranger\base.h(111): warning C4566: символ, представленный универсальным именем символа  "\u2588", невозможно представить в текущей кодовой странице (1251)
c:\users\kiril\desktop\vs projects\space ranger\space ranger\base.h(111): warning C4566: символ, представленный универсальным именем символа  "\u2584", невозможно представить в текущей кодовой странице (1251)
c:\users\kiril\desktop\vs projects\space ranger\space ranger\base.h(111): warning C4566: символ, представленный универсальным именем символа  "\u258C", невозможно представить в текущей кодовой странице (1251)
c:\users\kiril\desktop\vs projects\space ranger\space ranger\base.h(112): warning C4566: символ, представленный универсальным именем символа  "\u2590", невозможно представить в текущей кодовой странице (1251)
c:\users\kiril\desktop\vs projects\space ranger\space ranger\base.h(112): warning C4566: символ, представленный универсальным именем символа  "\u2591", невозможно представить в текущей кодовой странице (1251)
c:\users\kiril\desktop\vs projects\space ranger\space ranger\base.h(112): warning C4566: символ, представленный универсальным именем символа  "\u258C", невозможно представить в текущей кодовой странице (1251)
c:\users\kiril\desktop\vs projects\space ranger\space ranger\base.h(113): warning C4566: символ, представленный универсальным именем символа  "\u2580", невозможно представить в текущей кодовой странице (1251)
c:\users\kiril\desktop\vs projects\space ranger\space ranger\base.h(113): warning C4566: символ, представленный универсальным именем символа  "\u2588", невозможно представить в текущей кодовой странице (1251)
c:\users\kiril\desktop\vs projects\space ranger\space ranger\base.h(113): warning C4566: символ, представленный универсальным именем символа  "\u2591", невозможно представить в текущей кодовой странице (1251)
c:\users\kiril\desktop\vs projects\space ranger\space ranger\base.h(113): warning C4566: символ, представленный универсальным именем символа  "\u258C", невозможно представить в текущей кодовой странице (1251)
c:\users\kiril\desktop\vs projects\space ranger\space ranger\base.h(113): warning C4566: символ, представленный универсальным именем символа  "\u2590", невозможно представить в текущей кодовой странице (1251)
c:\users\kiril\desktop\vs projects\space ranger\space ranger\base.h(114): warning C4566: символ, представленный универсальным именем символа  "\u2590", невозможно представить в текущей кодовой странице (1251)
c:\users\kiril\desktop\vs projects\space ranger\space ranger\base.h(114): warning C4566: символ, представленный универсальным именем символа  "\u2591", невозможно представить в текущей кодовой странице (1251)
c:\users\kiril\desktop\vs projects\space ranger\space ranger\base.h(114): warning C4566: символ, представленный универсальным именем символа  "\u258C", невозможно представить в текущей кодовой странице (1251)
c:\users\kiril\desktop\vs projects\space ranger\space ranger\base.h(115): warning C4566: символ, представленный универсальным именем символа  "\u2584", невозможно представить в текущей кодовой странице (1251)
c:\users\kiril\desktop\vs projects\space ranger\space ranger\base.h(115): warning C4566: символ, представленный универсальным именем символа  "\u2588", невозможно представить в текущей кодовой странице (1251)
c:\users\kiril\desktop\vs projects\space ranger\space ranger\base.h(115): warning C4566: символ, представленный универсальным именем символа  "\u2591", невозможно представить в текущей кодовой странице (1251)
c:\users\kiril\desktop\vs projects\space ranger\space ranger\base.h(115): warning C4566: символ, представленный универсальным именем символа  "\u258C", невозможно представить в текущей кодовой странице (1251)
c:\users\kiril\desktop\vs projects\space ranger\space ranger\base.h(115): warning C4566: символ, представленный универсальным именем символа  "\u2590", невозможно представить в текущей кодовой странице (1251)
c:\users\kiril\desktop\vs projects\space ranger\space ranger\base.h(116): warning C4566: символ, представленный универсальным именем символа  "\u2590", невозможно представить в текущей кодовой странице (1251)
c:\users\kiril\desktop\vs projects\space ranger\space ranger\base.h(116): warning C4566: символ, представленный универсальным именем символа  "\u2591", невозможно представить в текущей кодовой странице (1251)
c:\users\kiril\desktop\vs projects\space ranger\space ranger\base.h(116): warning C4566: символ, представленный универсальным именем символа  "\u258C", невозможно представить в текущей кодовой странице (1251)
c:\users\kiril\desktop\vs projects\space ranger\space ranger\base.h(117): warning C4566: символ, представленный универсальным именем символа  "\u2580", невозможно представить в текущей кодовой странице (1251)
  Entity.cpp
c:\users\kiril\desktop\vs projects\space ranger\space ranger\base.h(107): warning C4566: символ, представленный универсальным именем символа  "\u2584", невозможно представить в текущей кодовой странице (1251)
c:\users\kiril\desktop\vs projects\space ranger\space ranger\base.h(108): warning C4566: символ, представленный универсальным именем символа  "\u2590", невозможно представить в текущей кодовой странице (1251)
c:\users\kiril\desktop\vs projects\space ranger\space ranger\base.h(108): warning C4566: символ, представленный универсальным именем символа  "\u2591", невозможно представить в текущей кодовой странице (1251)
c:\users\kiril\desktop\vs projects\space ranger\space ranger\base.h(108): warning C4566: символ, представленный универсальным именем символа  "\u258C", невозможно представить в текущей кодовой странице (1251)
c:\users\kiril\desktop\vs projects\space ranger\space ranger\base.h(109): warning C4566: символ, представленный универсальным именем символа  "\u2590", невозможно представить в текущей кодовой странице (1251)
c:\users\kiril\desktop\vs projects\space ranger\space ranger\base.h(109): warning C4566: символ, представленный универсальным именем символа  "\u2591", невозможно представить в текущей кодовой странице (1251)
c:\users\kiril\desktop\vs projects\space ranger\space ranger\base.h(109): warning C4566: символ, представленный универсальным именем символа  "\u2588", невозможно представить в текущей кодовой странице (1251)
c:\users\kiril\desktop\vs projects\space ranger\space ranger\base.h(109): warning C4566: символ, представленный универсальным именем символа  "\u2580", невозможно представить в текущей кодовой странице (1251)
c:\users\kiril\desktop\vs projects\space ranger\space ranger\base.h(109): warning C4566: символ, представленный универсальным именем символа  "\u258C", невозможно представить в текущей кодовой странице (1251)
c:\users\kiril\desktop\vs projects\space ranger\space ranger\base.h(110): warning C4566: символ, представленный универсальным именем символа  "\u2590", невозможно представить в текущей кодовой странице (1251)
c:\users\kiril\desktop\vs projects\space ranger\space ranger\base.h(110): warning C4566: символ, представленный универсальным именем символа  "\u2591", невозможно представить в текущей кодовой странице (1251)
c:\users\kiril\desktop\vs projects\space ranger\space ranger\base.h(110): warning C4566: символ, представленный универсальным именем символа  "\u258C", невозможно представить в текущей кодовой странице (1251)
c:\users\kiril\desktop\vs projects\space ranger\space ranger\base.h(111): warning C4566: символ, представленный универсальным именем символа  "\u2590", невозможно представить в текущей кодовой странице (1251)
c:\users\kiril\desktop\vs projects\space ranger\space ranger\base.h(111): warning C4566: символ, представленный универсальным именем символа  "\u2591", невозможно представить в текущей кодовой странице (1251)
c:\users\kiril\desktop\vs projects\space ranger\space ranger\base.h(111): warning C4566: символ, представленный универсальным именем символа  "\u2588", невозможно представить в текущей кодовой странице (1251)
c:\users\kiril\desktop\vs projects\space ranger\space ranger\base.h(111): warning C4566: символ, представленный универсальным именем символа  "\u2584", невозможно представить в текущей кодовой странице (1251)
c:\users\kiril\desktop\vs projects\space ranger\space ranger\base.h(111): warning C4566: символ, представленный универсальным именем символа  "\u258C", невозможно представить в текущей кодовой странице (1251)
c:\users\kiril\desktop\vs projects\space ranger\space ranger\base.h(112): warning C4566: символ, представленный универсальным именем символа  "\u2590", невозможно представить в текущей кодовой странице (1251)
c:\users\kiril\desktop\vs projects\space ranger\space ranger\base.h(112): warning C4566: символ, представленный универсальным именем символа  "\u2591", невозможно представить в текущей кодовой странице (1251)
c:\users\kiril\desktop\vs projects\space ranger\space ranger\base.h(112): warning C4566: символ, представленный универсальным именем символа  "\u258C", невозможно представить в текущей кодовой странице (1251)
c:\users\kiril\desktop\vs projects\space ranger\space ranger\base.h(113): warning C4566: символ, представленный универсальным именем символа  "\u2580", невозможно представить в текущей кодовой странице (1251)
c:\users\kiril\desktop\vs projects\space ranger\space ranger\base.h(113): warning C4566: символ, представленный универсальным именем символа  "\u2588", невозможно представить в текущей кодовой странице (1251)
c:\users\kiril\desktop\vs projects\space ranger\space ranger\base.h(113): warning C4566: символ, представленный универсальным именем символа  "\u2591", невозможно представить в текущей кодовой странице (1251)
c:\users\kiril\desktop\vs projects\space ranger\space ranger\base.h(113): warning C4566: символ, представленный универсальным именем символа  "\u258C", невозможно представить в текущей кодовой странице (1251)
c:\users\kiril\desktop\vs projects\space ranger\space ranger\base.h(113): warning C4566: символ, представленный универсальным именем символа  "\u2590", невозможно представить в текущей кодовой странице (1251)
c:\users\kiril\desktop\vs projects\space ranger\space ranger\base.h(114): warning C4566: символ, представленный универсальным именем символа  "\u2590", невозможно представить в текущей кодовой странице (1251)
c:\users\kiril\desktop\vs projects\space ranger\space ranger\base.h(114): warning C4566: символ, представленный универсальным именем символа  "\u2591", невозможно представить в текущей кодовой странице (1251)
c:\users\kiril\desktop\vs projects\space ranger\space ranger\base.h(114): warning C4566: символ, представленный универсальным именем символа  "\u258C", невозможно представить в текущей кодовой странице (1251)
c:\users\kiril\desktop\vs projects\space ranger\space ranger\base.h(115): warning C4566: символ, представленный универсальным именем символа  "\u2584", невозможно представить в текущей кодовой странице (1251)
c:\users\kiril\desktop\vs projects\space ranger\space ranger\base.h(115): warning C4566: символ, представленный универсальным именем символа  "\u2588", невозможно представить в текущей кодовой странице (1251)
c:\users\kiril\desktop\vs projects\space ranger\space ranger\base.h(115): warning C4566: символ, представленный универсальным именем символа  "\u2591", невозможно представить в текущей кодовой странице (1251)
c:\users\kiril\desktop\vs projects\space ranger\space ranger\base.h(115): warning C4566: символ, представленный универсальным именем символа  "\u258C", невозможно представить в текущей кодовой странице (1251)
c:\users\kiril\desktop\vs projects\space ranger\space ranger\base.h(115): warning C4566: символ, представленный универсальным именем символа  "\u2590", невозможно представить в текущей кодовой странице (1251)
c:\users\kiril\desktop\vs projects\space ranger\space ranger\base.h(116): warning C4566: символ, представленный универсальным именем символа  "\u2590", невозможно представить в текущей кодовой странице (1251)
c:\users\kiril\desktop\vs projects\space ranger\space ranger\base.h(116): warning C4566: символ, представленный универсальным именем символа  "\u2591", невозможно представить в текущей кодовой странице (1251)
c:\users\kiril\desktop\vs projects\space ranger\space ranger\base.h(116): warning C4566: символ, представленный универсальным именем символа  "\u258C", невозможно представить в текущей кодовой странице (1251)
c:\users\kiril\desktop\vs projects\space ranger\space ranger\base.h(117): warning C4566: символ, представленный универсальным именем символа  "\u2580", невозможно представить в текущей кодовой странице (1251)
  Enemy.cpp
c:\users\kiril\desktop\vs projects\space ranger\space ranger\base.h(107): warning C4566: символ, представленный универсальным именем символа  "\u2584", невозможно представить в текущей кодовой странице (1251)
c:\users\kiril\desktop\vs projects\space ranger\space ranger\base.h(108): warning C4566: символ, представленный универсальным именем символа  "\u2590", невозможно представить в текущей кодовой странице (1251)
c:\users\kiril\desktop\vs projects\space ranger\space ranger\base.h(108): warning C4566: символ, представленный универсальным именем символа  "\u2591", невозможно представить в текущей кодовой странице (1251)
c:\users\kiril\desktop\vs projects\space ranger\space ranger\base.h(108): warning C4566: символ, представленный универсальным именем символа  "\u258C", невозможно представить в текущей кодовой странице (1251)
c:\users\kiril\desktop\vs projects\space ranger\space ranger\base.h(109): warning C4566: символ, представленный универсальным именем символа  "\u2590", невозможно представить в текущей кодовой странице (1251)
c:\users\kiril\desktop\vs projects\space ranger\space ranger\base.h(109): warning C4566: символ, представленный универсальным именем символа  "\u2591", невозможно представить в текущей кодовой странице (1251)
c:\users\kiril\desktop\vs projects\space ranger\space ranger\base.h(109): warning C4566: символ, представленный универсальным именем символа  "\u2588", невозможно представить в текущей кодовой странице (1251)
c:\users\kiril\desktop\vs projects\space ranger\space ranger\base.h(109): warning C4566: символ, представленный универсальным именем символа  "\u2580", невозможно представить в текущей кодовой странице (1251)
c:\users\kiril\desktop\vs projects\space ranger\space ranger\base.h(109): warning C4566: символ, представленный универсальным именем символа  "\u258C", невозможно представить в текущей кодовой странице (1251)
c:\users\kiril\desktop\vs projects\space ranger\space ranger\base.h(110): warning C4566: символ, представленный универсальным именем символа  "\u2590", невозможно представить в текущей кодовой странице (1251)
c:\users\kiril\desktop\vs projects\space ranger\space ranger\base.h(110): warning C4566: символ, представленный универсальным именем символа  "\u2591", невозможно представить в текущей кодовой странице (1251)
c:\users\kiril\desktop\vs projects\space ranger\space ranger\base.h(110): warning C4566: символ, представленный универсальным именем символа  "\u258C", невозможно представить в текущей кодовой странице (1251)
c:\users\kiril\desktop\vs projects\space ranger\space ranger\base.h(111): warning C4566: символ, представленный универсальным именем символа  "\u2590", невозможно представить в текущей кодовой странице (1251)
c:\users\kiril\desktop\vs projects\space ranger\space ranger\base.h(111): warning C4566: символ, представленный универсальным именем символа  "\u2591", невозможно представить в текущей кодовой странице (1251)
c:\users\kiril\desktop\vs projects\space ranger\space ranger\base.h(111): warning C4566: символ, представленный универсальным именем символа  "\u2588", невозможно представить в текущей кодовой странице (1251)
c:\users\kiril\desktop\vs projects\space ranger\space ranger\base.h(111): warning C4566: символ, представленный универсальным именем символа  "\u2584", невозможно представить в текущей кодовой странице (1251)
c:\users\kiril\desktop\vs projects\space ranger\space ranger\base.h(111): warning C4566: символ, представленный универсальным именем символа  "\u258C", невозможно представить в текущей кодовой странице (1251)
c:\users\kiril\desktop\vs projects\space ranger\space ranger\base.h(112): warning C4566: символ, представленный универсальным именем символа  "\u2590", невозможно представить в текущей кодовой странице (1251)
c:\users\kiril\desktop\vs projects\space ranger\space ranger\base.h(112): warning C4566: символ, представленный универсальным именем символа  "\u2591", невозможно представить в текущей кодовой странице (1251)
c:\users\kiril\desktop\vs projects\space ranger\space ranger\base.h(112): warning C4566: символ, представленный универсальным именем символа  "\u258C", невозможно представить в текущей кодовой странице (1251)
c:\users\kiril\desktop\vs projects\space ranger\space ranger\base.h(113): warning C4566: символ, представленный универсальным именем символа  "\u2580", невозможно представить в текущей кодовой странице (1251)
c:\users\kiril\desktop\vs projects\space ranger\space ranger\base.h(113): warning C4566: символ, представленный универсальным именем символа  "\u2588", невозможно представить в текущей кодовой странице (1251)
c:\users\kiril\desktop\vs projects\space ranger\space ranger\base.h(113): warning C4566: символ, представленный универсальным именем символа  "\u2591", невозможно представить в текущей кодовой странице (1251)
c:\users\kiril\desktop\vs projects\space ranger\space ranger\base.h(113): warning C4566: символ, представленный универсальным именем символа  "\u258C", невозможно представить в текущей кодовой странице (1251)
c:\users\kiril\desktop\vs projects\space ranger\space ranger\base.h(113): warning C4566: символ, представленный универсальным именем символа  "\u2590", невозможно представить в текущей кодовой странице (1251)
c:\users\kiril\desktop\vs projects\space ranger\space ranger\base.h(114): warning C4566: символ, представленный универсальным именем символа  "\u2590", невозможно представить в текущей кодовой странице (1251)
c:\users\kiril\desktop\vs projects\space ranger\space ranger\base.h(114): warning C4566: символ, представленный универсальным именем символа  "\u2591", невозможно представить в текущей кодовой странице (1251)
c:\users\kiril\desktop\vs projects\space ranger\space ranger\base.h(114): warning C4566: символ, представленный универсальным именем символа  "\u258C", невозможно представить в текущей кодовой странице (1251)
c:\users\kiril\desktop\vs projects\space ranger\space ranger\base.h(115): warning C4566: символ, представленный универсальным именем символа  "\u2584", невозможно представить в текущей кодовой странице (1251)
c:\users\kiril\desktop\vs projects\space ranger\space ranger\base.h(115): warning C4566: символ, представленный универсальным именем символа  "\u2588", невозможно представить в текущей кодовой странице (1251)
c:\users\kiril\desktop\vs projects\space ranger\space ranger\base.h(115): warning C4566: символ, представленный универсальным именем символа  "\u2591", невозможно представить в текущей кодовой странице (1251)
c:\users\kiril\desktop\vs projects\space ranger\space ranger\base.h(115): warning C4566: символ, представленный универсальным именем символа  "\u258C", невозможно представить в текущей кодовой странице (1251)
c:\users\kiril\desktop\vs projects\space ranger\space ranger\base.h(115): warning C4566: символ, представленный универсальным именем символа  "\u2590", невозможно представить в текущей кодовой странице (1251)
c:\users\kiril\desktop\vs projects\space ranger\space ranger\base.h(116): warning C4566: символ, представленный универсальным именем символа  "\u2590", невозможно представить в текущей кодовой странице (1251)
c:\users\kiril\desktop\vs projects\space ranger\space ranger\base.h(116): warning C4566: символ, представленный универсальным именем символа  "\u2591", невозможно представить в текущей кодовой странице (1251)
c:\users\kiril\desktop\vs projects\space ranger\space ranger\base.h(116): warning C4566: символ, представленный универсальным именем символа  "\u258C", невозможно представить в текущей кодовой странице (1251)
c:\users\kiril\desktop\vs projects\space ranger\space ranger\base.h(117): warning C4566: символ, представленный универсальным именем символа  "\u2580", невозможно представить в текущей кодовой странице (1251)
  Bullet.cpp
c:\users\kiril\desktop\vs projects\space ranger\space ranger\base.h(107): warning C4566: символ, представленный универсальным именем символа  "\u2584", невозможно представить в текущей кодовой странице (1251)
c:\users\kiril\desktop\vs projects\space ranger\space ranger\base.h(108): warning C4566: символ, представленный универсальным именем символа  "\u2590", невозможно представить в текущей кодовой странице (1251)
c:\users\kiril\desktop\vs projects\space ranger\space ranger\base.h(108): warning C4566: символ, представленный универсальным именем символа  "\u2591", невозможно представить в текущей кодовой странице (1251)
c:\users\kiril\desktop\vs projects\space ranger\space ranger\base.h(108): warning C4566: символ, представленный универсальным именем символа  "\u258C", невозможно представить в текущей кодовой странице (1251)
c:\users\kiril\desktop\vs projects\space ranger\space ranger\base.h(109): warning C4566: символ, представленный универсальным именем символа  "\u2590", невозможно представить в текущей кодовой странице (1251)
c:\users\kiril\desktop\vs projects\space ranger\space ranger\base.h(109): warning C4566: символ, представленный универсальным именем символа  "\u2591", невозможно представить в текущей кодовой странице (1251)
c:\users\kiril\desktop\vs projects\space ranger\space ranger\base.h(109): warning C4566: символ, представленный универсальным именем символа  "\u2588", невозможно представить в текущей кодовой странице (1251)
c:\users\kiril\desktop\vs projects\space ranger\space ranger\base.h(109): warning C4566: символ, представленный универсальным именем символа  "\u2580", невозможно представить в текущей кодовой странице (1251)
c:\users\kiril\desktop\vs projects\space ranger\space ranger\base.h(109): warning C4566: символ, представленный универсальным именем символа  "\u258C", невозможно представить в текущей кодовой странице (1251)
c:\users\kiril\desktop\vs projects\space ranger\space ranger\base.h(110): warning C4566: символ, представленный универсальным именем символа  "\u2590", невозможно представить в текущей кодовой странице (1251)
c:\users\kiril\desktop\vs projects\space ranger\space ranger\base.h(110): warning C4566: символ, представленный универсальным именем символа  "\u2591", невозможно представить в текущей кодовой странице (1251)
c:\users\kiril\desktop\vs projects\space ranger\space ranger\base.h(110): warning C4566: символ, представленный универсальным именем символа  "\u258C", невозможно представить в текущей кодовой странице (1251)
c:\users\kiril\desktop\vs projects\space ranger\space ranger\base.h(111): warning C4566: символ, представленный универсальным именем символа  "\u2590", невозможно представить в текущей кодовой странице (1251)
c:\users\kiril\desktop\vs projects\space ranger\space ranger\base.h(111): warning C4566: символ, представленный универсальным именем символа  "\u2591", невозможно представить в текущей кодовой странице (1251)
c:\users\kiril\desktop\vs projects\space ranger\space ranger\base.h(111): warning C4566: символ, представленный универсальным именем символа  "\u2588", невозможно представить в текущей кодовой странице (1251)
c:\users\kiril\desktop\vs projects\space ranger\space ranger\base.h(111): warning C4566: символ, представленный универсальным именем символа  "\u2584", невозможно представить в текущей кодовой странице (1251)
c:\users\kiril\desktop\vs projects\space ranger\space ranger\base.h(111): warning C4566: символ, представленный универсальным именем символа  "\u258C", невозможно представить в текущей кодовой странице (1251)
c:\users\kiril\desktop\vs projects\space ranger\space ranger\base.h(112): warning C4566: символ, представленный универсальным именем символа  "\u2590", невозможно представить в текущей кодовой странице (1251)
c:\users\kiril\desktop\vs projects\space ranger\space ranger\base.h(112): warning C4566: символ, представленный универсальным именем символа  "\u2591", невозможно представить в текущей кодовой странице (1251)
c:\users\kiril\desktop\vs projects\space ranger\space ranger\base.h(112): warning C4566: символ, представленный универсальным именем символа  "\u258C", невозможно представить в текущей кодовой странице (1251)
c:\users\kiril\desktop\vs projects\space ranger\space ranger\base.h(113): warning C4566: символ, представленный универсальным именем символа  "\u2580", невозможно представить в текущей кодовой странице (1251)
c:\users\kiril\desktop\vs projects\space ranger\space ranger\base.h(113): warning C4566: символ, представленный универсальным именем символа  "\u2588", невозможно представить в текущей кодовой странице (1251)
c:\users\kiril\desktop\vs projects\space ranger\space ranger\base.h(113): warning C4566: символ, представленный универсальным именем символа  "\u2591", невозможно представить в текущей кодовой странице (1251)
c:\users\kiril\desktop\vs projects\space ranger\space ranger\base.h(113): warning C4566: символ, представленный универсальным именем символа  "\u258C", невозможно представить в текущей кодовой странице (1251)
c:\users\kiril\desktop\vs projects\space ranger\space ranger\base.h(113): warning C4566: символ, представленный универсальным именем символа  "\u2590", невозможно представить в текущей кодовой странице (1251)
c:\users\kiril\desktop\vs projects\space ranger\space ranger\base.h(114): warning C4566: символ, представленный универсальным именем символа  "\u2590", невозможно представить в текущей кодовой странице (1251)
c:\users\kiril\desktop\vs projects\space ranger\space ranger\base.h(114): warning C4566: символ, представленный универсальным именем символа  "\u2591", невозможно представить в текущей кодовой странице (1251)
c:\users\kiril\desktop\vs projects\space ranger\space ranger\base.h(114): warning C4566: символ, представленный универсальным именем символа  "\u258C", невозможно представить в текущей кодовой странице (1251)
c:\users\kiril\desktop\vs projects\space ranger\space ranger\base.h(115): warning C4566: символ, представленный универсальным именем символа  "\u2584", невозможно представить в текущей кодовой странице (1251)
c:\users\kiril\desktop\vs projects\space ranger\space ranger\base.h(115): warning C4566: символ, представленный универсальным именем символа  "\u2588", невозможно представить в текущей кодовой странице (1251)
c:\users\kiril\desktop\vs projects\space ranger\space ranger\base.h(115): warning C4566: символ, представленный универсальным именем символа  "\u2591", невозможно представить в текущей кодовой странице (1251)
c:\users\kiril\desktop\vs projects\space ranger\space ranger\base.h(115): warning C4566: символ, представленный универсальным именем символа  "\u258C", невозможно представить в текущей кодовой странице (1251)
c:\users\kiril\desktop\vs projects\space ranger\space ranger\base.h(115): warning C4566: символ, представленный универсальным именем символа  "\u2590", невозможно представить в текущей кодовой странице (1251)
c:\users\kiril\desktop\vs projects\space ranger\space ranger\base.h(116): warning C4566: символ, представленный универсальным именем символа  "\u2590", невозможно представить в текущей кодовой странице (1251)
c:\users\kiril\desktop\vs projects\space ranger\space ranger\base.h(116): warning C4566: символ, представленный универсальным именем символа  "\u2591", невозможно представить в текущей кодовой странице (1251)
c:\users\kiril\desktop\vs projects\space ranger\space ranger\base.h(116): warning C4566: символ, представленный универсальным именем символа  "\u258C", невозможно представить в текущей кодовой странице (1251)
c:\users\kiril\desktop\vs projects\space ranger\space ranger\base.h(117): warning C4566: символ, представленный универсальным именем символа  "\u2580", невозможно представить в текущей кодовой странице (1251)
  Создание кода...
  Space Ranger.vcxproj -> C:\Users\kiril\Desktop\VS Projects\Space Ranger\Debug\Space Ranger.exe
